2024-09-26 08:31:18.270 [info] [main] Log level: Info
2024-09-26 08:31:18.270 [info] [main] Validating found git in: "git"
2024-09-26 08:31:18.270 [info] [main] Using git "2.25.1" from "git"
2024-09-26 08:31:18.270 [info] [Model][doInitialScan] Initial repository scan started
2024-09-26 08:31:18.270 [info] [Model][doInitialScan] Initial repository scan completed - repositories (0), closed repositories (0), parent repositories (0), unsafe repositories (0)
2024-09-26 08:32:53.658 [info] [main] Log level: Info
2024-09-26 08:32:53.658 [info] [main] Validating found git in: "git"
2024-09-26 08:32:53.658 [info] [main] Using git "2.25.1" from "git"
2024-09-26 08:32:53.658 [info] [Model][doInitialScan] Initial repository scan started
2024-09-26 08:32:53.658 [info] > git rev-parse --show-toplevel [7ms]
2024-09-26 08:32:53.663 [info] > git rev-parse --git-dir --git-common-dir [2ms]
2024-09-26 08:32:53.673 [info] [Model][openRepository] Opened repository: /home/ubuntu/GSANM
2024-09-26 08:32:53.687 [info] > git config --get commit.template [7ms]
2024-09-26 08:32:53.688 [info] > git rev-parse --show-toplevel [5ms]
2024-09-26 08:32:53.708 [info] > git rev-parse --show-toplevel [9ms]
2024-09-26 08:32:53.709 [info] > git for-each-ref --format=%(refname)%00%(upstream:short)%00%(objectname)%00%(upstream:track)%00%(upstream:remotename)%00%(upstream:remoteref) refs/heads/main refs/remotes/main [13ms]
2024-09-26 08:32:53.719 [warning] [Git][revParse] Unable to read file: ENOENT: no such file or directory, open '/home/ubuntu/GSANM/.git/refs/remotes/origin/main'
2024-09-26 08:32:53.721 [info] > git rev-parse --show-toplevel [4ms]
2024-09-26 08:32:53.723 [info] > git rev-parse refs/remotes/origin/main [4ms]
2024-09-26 08:32:53.726 [info] > git rev-parse --show-toplevel [3ms]
2024-09-26 08:32:53.731 [info] > git rev-parse --show-toplevel [2ms]
2024-09-26 08:32:53.732 [info] [Model][doInitialScan] Initial repository scan completed - repositories (1), closed repositories (0), parent repositories (0), unsafe repositories (0)
2024-09-26 08:32:53.743 [info] > git status -z -uall [17ms]
2024-09-26 08:32:53.820 [info] > git for-each-ref --format=%(refname)%00%(upstream:short)%00%(objectname)%00%(upstream:track)%00%(upstream:remotename)%00%(upstream:remoteref) refs/heads/main refs/remotes/main [70ms]
2024-09-26 08:32:53.828 [info] > git config --local branch.main.vscode-merge-base [5ms]
2024-09-26 08:32:53.828 [warning] [Git][config] git config failed: Failed to execute git
2024-09-26 08:32:53.831 [info] > git config --get commit.template [12ms]
2024-09-26 08:32:53.863 [info] > git reflog main --grep-reflog=branch: Created from *. [32ms]
2024-09-26 08:32:53.881 [info] > git symbolic-ref --short refs/remotes/origin/HEAD [16ms]
2024-09-26 08:32:53.885 [info] > git for-each-ref --format=%(refname)%00%(upstream:short)%00%(objectname)%00%(upstream:track)%00%(upstream:remotename)%00%(upstream:remoteref) refs/heads/main refs/remotes/main [22ms]
2024-09-26 08:32:53.893 [warning] [Git][revParse] Unable to read file: ENOENT: no such file or directory, open '/home/ubuntu/GSANM/.git/refs/remotes/origin/main'
2024-09-26 08:32:53.895 [info] > git for-each-ref --format=%(refname)%00%(upstream:short)%00%(objectname)%00%(upstream:track)%00%(upstream:remotename)%00%(upstream:remoteref) refs/heads/origin/main refs/remotes/origin/main [11ms]
2024-09-26 08:32:53.901 [info] > git config --local branch.main.vscode-merge-base origin/main [3ms]
2024-09-26 08:32:53.901 [info] > git rev-parse refs/remotes/origin/main [8ms]
2024-09-26 08:32:53.910 [info] > git config --get commit.template [4ms]
2024-09-26 08:32:53.912 [info] > git for-each-ref --format=%(refname)%00%(upstream:short)%00%(objectname)%00%(upstream:track)%00%(upstream:remotename)%00%(upstream:remoteref) refs/heads/main refs/remotes/main [3ms]
2024-09-26 08:32:53.915 [warning] [Git][revParse] Unable to read file: ENOENT: no such file or directory, open '/home/ubuntu/GSANM/.git/refs/remotes/origin/main'
2024-09-26 08:32:53.916 [info] > git rev-parse refs/remotes/origin/main [1ms]
2024-09-26 08:32:53.925 [info] > git status -z -uall [7ms]
2024-09-26 08:32:53.944 [info] > git for-each-ref --format=%(refname)%00%(upstream:short)%00%(objectname)%00%(upstream:track)%00%(upstream:remotename)%00%(upstream:remoteref) refs/heads/main refs/remotes/main [12ms]
2024-09-26 08:32:53.950 [info] > git config --local branch.main.vscode-merge-base [2ms]
2024-09-26 08:32:53.954 [info] > git merge-base refs/heads/main refs/remotes/origin/main [13ms]
2024-09-26 08:32:53.958 [info] > git for-each-ref --format=%(refname)%00%(upstream:short)%00%(objectname)%00%(upstream:track)%00%(upstream:remotename)%00%(upstream:remoteref) refs/heads/origin/main refs/remotes/origin/main [4ms]
2024-09-26 08:32:53.959 [info] > git rev-list --count --left-right refs/heads/main...refs/remotes/origin/main [2ms]
2024-09-26 08:32:53.964 [info] > git diff --name-status -z --diff-filter=ADMR 88a3d3653cca8d35d17578b8ec6a7a862b5234da...refs/remotes/origin/main [2ms]
2024-09-26 08:32:54.196 [info] > git check-ignore -v -z --stdin [2ms]
2024-09-26 08:32:55.159 [info] > git check-ignore -v -z --stdin [1ms]
2024-09-26 08:32:55.906 [info] > git config --get commit.template [3ms]
2024-09-26 08:32:55.908 [info] > git for-each-ref --format=%(refname)%00%(upstream:short)%00%(objectname)%00%(upstream:track)%00%(upstream:remotename)%00%(upstream:remoteref) refs/heads/main refs/remotes/main [2ms]
2024-09-26 08:32:55.911 [warning] [Git][revParse] Unable to read file: ENOENT: no such file or directory, open '/home/ubuntu/GSANM/.git/refs/remotes/origin/main'
2024-09-26 08:32:55.913 [info] > git rev-parse refs/remotes/origin/main [2ms]
2024-09-26 08:32:55.924 [info] > git status -z -uall [7ms]
2024-09-26 08:32:55.933 [info] > git for-each-ref --format=%(refname)%00%(upstream:short)%00%(objectname)%00%(upstream:track)%00%(upstream:remotename)%00%(upstream:remoteref) refs/heads/main refs/remotes/main [4ms]
2024-09-26 08:32:55.939 [info] > git config --local branch.main.vscode-merge-base [3ms]
2024-09-26 08:32:55.944 [info] > git for-each-ref --format=%(refname)%00%(upstream:short)%00%(objectname)%00%(upstream:track)%00%(upstream:remotename)%00%(upstream:remoteref) refs/heads/origin/main refs/remotes/origin/main [2ms]
2024-09-26 08:32:57.124 [info] > git check-ignore -v -z --stdin [2ms]
2024-09-26 08:33:00.119 [info] > git check-ignore -v -z --stdin [1ms]
2024-09-26 08:33:00.938 [info] > git config --get commit.template [2ms]
2024-09-26 08:33:00.939 [info] > git for-each-ref --format=%(refname)%00%(upstream:short)%00%(objectname)%00%(upstream:track)%00%(upstream:remotename)%00%(upstream:remoteref) refs/heads/main refs/remotes/main [1ms]
2024-09-26 08:33:00.944 [warning] [Git][revParse] Unable to read file: ENOENT: no such file or directory, open '/home/ubuntu/GSANM/.git/refs/remotes/origin/main'
2024-09-26 08:33:00.945 [info] > git rev-parse refs/remotes/origin/main [2ms]
2024-09-26 08:33:00.952 [info] > git status -z -uall [5ms]
2024-09-26 08:33:00.967 [info] > git for-each-ref --format=%(refname)%00%(upstream:short)%00%(objectname)%00%(upstream:track)%00%(upstream:remotename)%00%(upstream:remoteref) refs/heads/main refs/remotes/main [9ms]
2024-09-26 08:33:00.971 [info] > git config --local branch.main.vscode-merge-base [2ms]
2024-09-26 08:33:00.975 [info] > git for-each-ref --format=%(refname)%00%(upstream:short)%00%(objectname)%00%(upstream:track)%00%(upstream:remotename)%00%(upstream:remoteref) refs/heads/origin/main refs/remotes/origin/main [1ms]
2024-09-26 08:33:01.306 [info] > git check-ignore -v -z --stdin [1ms]
2024-09-26 08:33:01.884 [info] > git show --textconv :alertmanager/config.yml [4ms]
2024-09-26 08:33:01.885 [info] > git ls-files --stage -- /home/ubuntu/GSANM/alertmanager/config.yml [1ms]
2024-09-26 08:33:01.913 [info] > git cat-file -s 74fa78781460ad25174a65583c31979dd3a43217 [5ms]
2024-09-26 08:33:05.973 [info] > git config --get commit.template [3ms]
2024-09-26 08:33:05.974 [info] > git for-each-ref --format=%(refname)%00%(upstream:short)%00%(objectname)%00%(upstream:track)%00%(upstream:remotename)%00%(upstream:remoteref) refs/heads/main refs/remotes/main [2ms]
2024-09-26 08:33:05.976 [warning] [Git][revParse] Unable to read file: ENOENT: no such file or directory, open '/home/ubuntu/GSANM/.git/refs/remotes/origin/main'
2024-09-26 08:33:05.977 [info] > git rev-parse refs/remotes/origin/main [1ms]
2024-09-26 08:33:05.985 [info] > git status -z -uall [6ms]
2024-09-26 08:33:05.994 [info] > git for-each-ref --format=%(refname)%00%(upstream:short)%00%(objectname)%00%(upstream:track)%00%(upstream:remotename)%00%(upstream:remoteref) refs/heads/main refs/remotes/main [5ms]
2024-09-26 08:33:05.999 [info] > git config --local branch.main.vscode-merge-base [3ms]
2024-09-26 08:33:06.004 [info] > git for-each-ref --format=%(refname)%00%(upstream:short)%00%(objectname)%00%(upstream:track)%00%(upstream:remotename)%00%(upstream:remoteref) refs/heads/origin/main refs/remotes/origin/main [2ms]
2024-09-26 08:33:10.998 [info] > git config --get commit.template [2ms]
2024-09-26 08:33:10.999 [info] > git for-each-ref --format=%(refname)%00%(upstream:short)%00%(objectname)%00%(upstream:track)%00%(upstream:remotename)%00%(upstream:remoteref) refs/heads/main refs/remotes/main [1ms]
2024-09-26 08:33:11.001 [warning] [Git][revParse] Unable to read file: ENOENT: no such file or directory, open '/home/ubuntu/GSANM/.git/refs/remotes/origin/main'
2024-09-26 08:33:11.002 [info] > git rev-parse refs/remotes/origin/main [1ms]
2024-09-26 08:33:11.010 [info] > git status -z -uall [6ms]
2024-09-26 08:33:11.020 [info] > git for-each-ref --format=%(refname)%00%(upstream:short)%00%(objectname)%00%(upstream:track)%00%(upstream:remotename)%00%(upstream:remoteref) refs/heads/main refs/remotes/main [5ms]
2024-09-26 08:33:11.026 [info] > git config --local branch.main.vscode-merge-base [2ms]
2024-09-26 08:33:11.031 [info] > git for-each-ref --format=%(refname)%00%(upstream:short)%00%(objectname)%00%(upstream:track)%00%(upstream:remotename)%00%(upstream:remoteref) refs/heads/origin/main refs/remotes/origin/main [2ms]
2024-09-26 08:33:16.028 [info] > git config --get commit.template [5ms]
2024-09-26 08:33:16.029 [info] > git for-each-ref --format=%(refname)%00%(upstream:short)%00%(objectname)%00%(upstream:track)%00%(upstream:remotename)%00%(upstream:remoteref) refs/heads/main refs/remotes/main [2ms]
2024-09-26 08:33:16.033 [warning] [Git][revParse] Unable to read file: ENOENT: no such file or directory, open '/home/ubuntu/GSANM/.git/refs/remotes/origin/main'
2024-09-26 08:33:16.034 [info] > git rev-parse refs/remotes/origin/main [1ms]
2024-09-26 08:33:16.042 [info] > git status -z -uall [5ms]
2024-09-26 08:33:16.052 [info] > git for-each-ref --format=%(refname)%00%(upstream:short)%00%(objectname)%00%(upstream:track)%00%(upstream:remotename)%00%(upstream:remoteref) refs/heads/main refs/remotes/main [6ms]
2024-09-26 08:33:16.057 [info] > git config --local branch.main.vscode-merge-base [2ms]
2024-09-26 08:33:16.061 [info] > git for-each-ref --format=%(refname)%00%(upstream:short)%00%(objectname)%00%(upstream:track)%00%(upstream:remotename)%00%(upstream:remoteref) refs/heads/origin/main refs/remotes/origin/main [1ms]
2024-09-26 08:33:21.059 [info] > git config --get commit.template [3ms]
2024-09-26 08:33:21.060 [info] > git for-each-ref --format=%(refname)%00%(upstream:short)%00%(objectname)%00%(upstream:track)%00%(upstream:remotename)%00%(upstream:remoteref) refs/heads/main refs/remotes/main [1ms]
2024-09-26 08:33:21.062 [warning] [Git][revParse] Unable to read file: ENOENT: no such file or directory, open '/home/ubuntu/GSANM/.git/refs/remotes/origin/main'
2024-09-26 08:33:21.063 [info] > git rev-parse refs/remotes/origin/main [1ms]
2024-09-26 08:33:21.071 [info] > git status -z -uall [6ms]
2024-09-26 08:33:21.079 [info] > git for-each-ref --format=%(refname)%00%(upstream:short)%00%(objectname)%00%(upstream:track)%00%(upstream:remotename)%00%(upstream:remoteref) refs/heads/main refs/remotes/main [4ms]
2024-09-26 08:33:21.085 [info] > git config --local branch.main.vscode-merge-base [3ms]
2024-09-26 08:33:21.089 [info] > git for-each-ref --format=%(refname)%00%(upstream:short)%00%(objectname)%00%(upstream:track)%00%(upstream:remotename)%00%(upstream:remoteref) refs/heads/origin/main refs/remotes/origin/main [2ms]
2024-09-26 08:33:26.090 [info] > git config --get commit.template [4ms]
2024-09-26 08:33:26.091 [info] > git for-each-ref --format=%(refname)%00%(upstream:short)%00%(objectname)%00%(upstream:track)%00%(upstream:remotename)%00%(upstream:remoteref) refs/heads/main refs/remotes/main [2ms]
2024-09-26 08:33:26.093 [warning] [Git][revParse] Unable to read file: ENOENT: no such file or directory, open '/home/ubuntu/GSANM/.git/refs/remotes/origin/main'
2024-09-26 08:33:26.094 [info] > git rev-parse refs/remotes/origin/main [1ms]
2024-09-26 08:33:26.102 [info] > git status -z -uall [6ms]
2024-09-26 08:33:26.110 [info] > git for-each-ref --format=%(refname)%00%(upstream:short)%00%(objectname)%00%(upstream:track)%00%(upstream:remotename)%00%(upstream:remoteref) refs/heads/main refs/remotes/main [4ms]
2024-09-26 08:33:26.119 [info] > git config --local branch.main.vscode-merge-base [5ms]
2024-09-26 08:33:26.124 [info] > git for-each-ref --format=%(refname)%00%(upstream:short)%00%(objectname)%00%(upstream:track)%00%(upstream:remotename)%00%(upstream:remoteref) refs/heads/origin/main refs/remotes/origin/main [2ms]
2024-09-26 08:33:31.120 [info] > git config --get commit.template [3ms]
2024-09-26 08:33:31.121 [info] > git for-each-ref --format=%(refname)%00%(upstream:short)%00%(objectname)%00%(upstream:track)%00%(upstream:remotename)%00%(upstream:remoteref) refs/heads/main refs/remotes/main [2ms]
2024-09-26 08:33:31.124 [warning] [Git][revParse] Unable to read file: ENOENT: no such file or directory, open '/home/ubuntu/GSANM/.git/refs/remotes/origin/main'
2024-09-26 08:33:31.126 [info] > git rev-parse refs/remotes/origin/main [2ms]
2024-09-26 08:33:31.134 [info] > git status -z -uall [6ms]
2024-09-26 08:33:31.143 [info] > git for-each-ref --format=%(refname)%00%(upstream:short)%00%(objectname)%00%(upstream:track)%00%(upstream:remotename)%00%(upstream:remoteref) refs/heads/main refs/remotes/main [5ms]
2024-09-26 08:33:31.150 [info] > git config --local branch.main.vscode-merge-base [3ms]
2024-09-26 08:33:31.156 [info] > git for-each-ref --format=%(refname)%00%(upstream:short)%00%(objectname)%00%(upstream:track)%00%(upstream:remotename)%00%(upstream:remoteref) refs/heads/origin/main refs/remotes/origin/main [2ms]
2024-09-26 08:33:35.677 [info] > git check-ignore -v -z --stdin [1ms]
2024-09-26 08:33:36.149 [info] > git config --get commit.template [3ms]
2024-09-26 08:33:36.151 [info] > git for-each-ref --format=%(refname)%00%(upstream:short)%00%(objectname)%00%(upstream:track)%00%(upstream:remotename)%00%(upstream:remoteref) refs/heads/main refs/remotes/main [1ms]
2024-09-26 08:33:36.152 [warning] [Git][revParse] Unable to read file: ENOENT: no such file or directory, open '/home/ubuntu/GSANM/.git/refs/remotes/origin/main'
2024-09-26 08:33:36.154 [info] > git rev-parse refs/remotes/origin/main [2ms]
2024-09-26 08:33:36.162 [info] > git status -z -uall [6ms]
2024-09-26 08:33:36.172 [info] > git for-each-ref --format=%(refname)%00%(upstream:short)%00%(objectname)%00%(upstream:track)%00%(upstream:remotename)%00%(upstream:remoteref) refs/heads/main refs/remotes/main [6ms]
2024-09-26 08:33:36.178 [info] > git config --local branch.main.vscode-merge-base [3ms]
2024-09-26 08:33:36.183 [info] > git for-each-ref --format=%(refname)%00%(upstream:short)%00%(objectname)%00%(upstream:track)%00%(upstream:remotename)%00%(upstream:remoteref) refs/heads/origin/main refs/remotes/origin/main [2ms]
2024-09-26 08:33:36.976 [info] > git show --textconv :grafana/dashboards/dashboard_193.json [15ms]
2024-09-26 08:33:36.978 [info] > git ls-files --stage -- /home/ubuntu/GSANM/grafana/dashboards/dashboard_193.json [11ms]
2024-09-26 08:33:37.015 [info] > git cat-file -s a24b988889c87ebb3d06019efd8d9bafd107372a [18ms]
2024-09-26 08:33:41.178 [info] > git config --get commit.template [2ms]
2024-09-26 08:33:41.179 [info] > git for-each-ref --format=%(refname)%00%(upstream:short)%00%(objectname)%00%(upstream:track)%00%(upstream:remotename)%00%(upstream:remoteref) refs/heads/main refs/remotes/main [1ms]
2024-09-26 08:33:41.181 [warning] [Git][revParse] Unable to read file: ENOENT: no such file or directory, open '/home/ubuntu/GSANM/.git/refs/remotes/origin/main'
2024-09-26 08:33:41.183 [info] > git rev-parse refs/remotes/origin/main [2ms]
2024-09-26 08:33:41.190 [info] > git status -z -uall [6ms]
2024-09-26 08:33:41.201 [info] > git for-each-ref --format=%(refname)%00%(upstream:short)%00%(objectname)%00%(upstream:track)%00%(upstream:remotename)%00%(upstream:remoteref) refs/heads/main refs/remotes/main [6ms]
2024-09-26 08:33:41.206 [info] > git config --local branch.main.vscode-merge-base [2ms]
2024-09-26 08:33:41.210 [info] > git for-each-ref --format=%(refname)%00%(upstream:short)%00%(objectname)%00%(upstream:track)%00%(upstream:remotename)%00%(upstream:remoteref) refs/heads/origin/main refs/remotes/origin/main [1ms]
2024-09-26 08:33:46.208 [info] > git config --get commit.template [3ms]
2024-09-26 08:33:46.209 [info] > git for-each-ref --format=%(refname)%00%(upstream:short)%00%(objectname)%00%(upstream:track)%00%(upstream:remotename)%00%(upstream:remoteref) refs/heads/main refs/remotes/main [1ms]
2024-09-26 08:33:46.212 [warning] [Git][revParse] Unable to read file: ENOENT: no such file or directory, open '/home/ubuntu/GSANM/.git/refs/remotes/origin/main'
2024-09-26 08:33:46.214 [info] > git rev-parse refs/remotes/origin/main [2ms]
2024-09-26 08:33:46.224 [info] > git status -z -uall [6ms]
2024-09-26 08:33:46.234 [info] > git for-each-ref --format=%(refname)%00%(upstream:short)%00%(objectname)%00%(upstream:track)%00%(upstream:remotename)%00%(upstream:remoteref) refs/heads/main refs/remotes/main [5ms]
2024-09-26 08:33:46.242 [info] > git config --local branch.main.vscode-merge-base [3ms]
2024-09-26 08:33:46.247 [info] > git for-each-ref --format=%(refname)%00%(upstream:short)%00%(objectname)%00%(upstream:track)%00%(upstream:remotename)%00%(upstream:remoteref) refs/heads/origin/main refs/remotes/origin/main [2ms]
2024-09-26 08:50:26.978 [info] > git config --get commit.template [3ms]
2024-09-26 08:50:26.980 [info] > git for-each-ref --format=%(refname)%00%(upstream:short)%00%(objectname)%00%(upstream:track)%00%(upstream:remotename)%00%(upstream:remoteref) refs/heads/main refs/remotes/main [3ms]
2024-09-26 08:50:26.983 [warning] [Git][revParse] Unable to read file: ENOENT: no such file or directory, open '/home/ubuntu/GSANM/.git/refs/remotes/origin/main'
2024-09-26 08:50:26.985 [info] > git rev-parse refs/remotes/origin/main [2ms]
2024-09-26 08:50:26.993 [info] > git status -z -uall [5ms]
2024-09-26 08:50:27.003 [info] > git for-each-ref --format=%(refname)%00%(upstream:short)%00%(objectname)%00%(upstream:track)%00%(upstream:remotename)%00%(upstream:remoteref) refs/heads/main refs/remotes/main [5ms]
2024-09-26 08:50:27.015 [info] > git config --local branch.main.vscode-merge-base [3ms]
2024-09-26 08:50:27.024 [info] > git for-each-ref --format=%(refname)%00%(upstream:short)%00%(objectname)%00%(upstream:track)%00%(upstream:remotename)%00%(upstream:remoteref) refs/heads/origin/main refs/remotes/origin/main [5ms]
2024-09-26 08:50:32.013 [info] > git config --get commit.template [4ms]
2024-09-26 08:50:32.013 [info] > git for-each-ref --format=%(refname)%00%(upstream:short)%00%(objectname)%00%(upstream:track)%00%(upstream:remotename)%00%(upstream:remoteref) refs/heads/main refs/remotes/main [1ms]
2024-09-26 08:50:32.016 [warning] [Git][revParse] Unable to read file: ENOENT: no such file or directory, open '/home/ubuntu/GSANM/.git/refs/remotes/origin/main'
2024-09-26 08:50:32.017 [info] > git rev-parse refs/remotes/origin/main [1ms]
2024-09-26 08:50:32.024 [info] > git status -z -uall [5ms]
2024-09-26 08:50:32.035 [info] > git for-each-ref --format=%(refname)%00%(upstream:short)%00%(objectname)%00%(upstream:track)%00%(upstream:remotename)%00%(upstream:remoteref) refs/heads/main refs/remotes/main [5ms]
2024-09-26 08:50:32.040 [info] > git config --local branch.main.vscode-merge-base [2ms]
2024-09-26 08:50:32.044 [info] > git for-each-ref --format=%(refname)%00%(upstream:short)%00%(objectname)%00%(upstream:track)%00%(upstream:remotename)%00%(upstream:remoteref) refs/heads/origin/main refs/remotes/origin/main [1ms]
2024-09-26 08:50:37.041 [info] > git config --get commit.template [2ms]
2024-09-26 08:50:37.042 [info] > git for-each-ref --format=%(refname)%00%(upstream:short)%00%(objectname)%00%(upstream:track)%00%(upstream:remotename)%00%(upstream:remoteref) refs/heads/main refs/remotes/main [2ms]
2024-09-26 08:50:37.044 [warning] [Git][revParse] Unable to read file: ENOENT: no such file or directory, open '/home/ubuntu/GSANM/.git/refs/remotes/origin/main'
2024-09-26 08:50:37.045 [info] > git rev-parse refs/remotes/origin/main [1ms]
2024-09-26 08:50:37.053 [info] > git status -z -uall [5ms]
2024-09-26 08:50:37.063 [info] > git for-each-ref --format=%(refname)%00%(upstream:short)%00%(objectname)%00%(upstream:track)%00%(upstream:remotename)%00%(upstream:remoteref) refs/heads/main refs/remotes/main [7ms]
2024-09-26 08:50:37.069 [info] > git config --local branch.main.vscode-merge-base [2ms]
2024-09-26 08:50:37.073 [info] > git for-each-ref --format=%(refname)%00%(upstream:short)%00%(objectname)%00%(upstream:track)%00%(upstream:remotename)%00%(upstream:remoteref) refs/heads/origin/main refs/remotes/origin/main [1ms]
2024-09-26 08:50:42.076 [info] > git config --get commit.template [4ms]
2024-09-26 08:50:42.078 [info] > git for-each-ref --format=%(refname)%00%(upstream:short)%00%(objectname)%00%(upstream:track)%00%(upstream:remotename)%00%(upstream:remoteref) refs/heads/main refs/remotes/main [3ms]
2024-09-26 08:50:42.084 [warning] [Git][revParse] Unable to read file: ENOENT: no such file or directory, open '/home/ubuntu/GSANM/.git/refs/remotes/origin/main'
2024-09-26 08:50:42.087 [info] > git rev-parse refs/remotes/origin/main [3ms]
2024-09-26 08:50:42.098 [info] > git status -z -uall [7ms]
2024-09-26 08:50:42.108 [info] > git for-each-ref --format=%(refname)%00%(upstream:short)%00%(objectname)%00%(upstream:track)%00%(upstream:remotename)%00%(upstream:remoteref) refs/heads/main refs/remotes/main [4ms]
2024-09-26 08:50:42.118 [info] > git config --local branch.main.vscode-merge-base [4ms]
2024-09-26 08:50:42.124 [info] > git for-each-ref --format=%(refname)%00%(upstream:short)%00%(objectname)%00%(upstream:track)%00%(upstream:remotename)%00%(upstream:remoteref) refs/heads/origin/main refs/remotes/origin/main [1ms]
2024-09-26 08:50:47.118 [info] > git config --get commit.template [3ms]
2024-09-26 08:50:47.119 [info] > git for-each-ref --format=%(refname)%00%(upstream:short)%00%(objectname)%00%(upstream:track)%00%(upstream:remotename)%00%(upstream:remoteref) refs/heads/main refs/remotes/main [2ms]
2024-09-26 08:50:47.121 [warning] [Git][revParse] Unable to read file: ENOENT: no such file or directory, open '/home/ubuntu/GSANM/.git/refs/remotes/origin/main'
2024-09-26 08:50:47.122 [info] > git rev-parse refs/remotes/origin/main [1ms]
2024-09-26 08:50:47.129 [info] > git status -z -uall [5ms]
2024-09-26 08:50:47.138 [info] > git for-each-ref --format=%(refname)%00%(upstream:short)%00%(objectname)%00%(upstream:track)%00%(upstream:remotename)%00%(upstream:remoteref) refs/heads/main refs/remotes/main [3ms]
2024-09-26 08:50:47.144 [info] > git config --local branch.main.vscode-merge-base [3ms]
2024-09-26 08:50:47.149 [info] > git for-each-ref --format=%(refname)%00%(upstream:short)%00%(objectname)%00%(upstream:track)%00%(upstream:remotename)%00%(upstream:remoteref) refs/heads/origin/main refs/remotes/origin/main [2ms]
2024-09-26 08:50:52.150 [info] > git config --get commit.template [5ms]
2024-09-26 08:50:52.152 [info] > git for-each-ref --format=%(refname)%00%(upstream:short)%00%(objectname)%00%(upstream:track)%00%(upstream:remotename)%00%(upstream:remoteref) refs/heads/main refs/remotes/main [3ms]
2024-09-26 08:50:52.157 [warning] [Git][revParse] Unable to read file: ENOENT: no such file or directory, open '/home/ubuntu/GSANM/.git/refs/remotes/origin/main'
2024-09-26 08:50:52.161 [info] > git rev-parse refs/remotes/origin/main [3ms]
2024-09-26 08:50:52.171 [info] > git status -z -uall [7ms]
2024-09-26 08:50:52.188 [info] > git for-each-ref --format=%(refname)%00%(upstream:short)%00%(objectname)%00%(upstream:track)%00%(upstream:remotename)%00%(upstream:remoteref) refs/heads/main refs/remotes/main [6ms]
2024-09-26 08:50:52.193 [info] > git config --local branch.main.vscode-merge-base [1ms]
2024-09-26 08:50:52.204 [info] > git for-each-ref --format=%(refname)%00%(upstream:short)%00%(objectname)%00%(upstream:track)%00%(upstream:remotename)%00%(upstream:remoteref) refs/heads/origin/main refs/remotes/origin/main [2ms]
2024-09-26 08:50:57.192 [info] > git config --get commit.template [3ms]
2024-09-26 08:50:57.194 [info] > git for-each-ref --format=%(refname)%00%(upstream:short)%00%(objectname)%00%(upstream:track)%00%(upstream:remotename)%00%(upstream:remoteref) refs/heads/main refs/remotes/main [3ms]
2024-09-26 08:50:57.197 [warning] [Git][revParse] Unable to read file: ENOENT: no such file or directory, open '/home/ubuntu/GSANM/.git/refs/remotes/origin/main'
2024-09-26 08:50:57.198 [info] > git rev-parse refs/remotes/origin/main [1ms]
2024-09-26 08:50:57.207 [info] > git status -z -uall [7ms]
2024-09-26 08:50:57.215 [info] > git for-each-ref --format=%(refname)%00%(upstream:short)%00%(objectname)%00%(upstream:track)%00%(upstream:remotename)%00%(upstream:remoteref) refs/heads/main refs/remotes/main [3ms]
2024-09-26 08:50:57.220 [info] > git config --local branch.main.vscode-merge-base [2ms]
2024-09-26 08:50:57.224 [info] > git for-each-ref --format=%(refname)%00%(upstream:short)%00%(objectname)%00%(upstream:track)%00%(upstream:remotename)%00%(upstream:remoteref) refs/heads/origin/main refs/remotes/origin/main [1ms]
