2024-09-26 08:31:17.299 [info] Added views:workbench.panel.markers.view in workbench.panel.markers
2024-09-26 08:31:17.299 [info] Added views:workbench.panel.output in workbench.panel.output
2024-09-26 08:31:17.299 [info] Added views:terminal in terminal
2024-09-26 08:31:17.299 [info] Added views:outline in workbench.view.explorer
2024-09-26 08:31:17.299 [info] Added views:workbench.scm in workbench.view.scm
2024-09-26 08:31:17.299 [info] Added views:workbench.view.search in workbench.view.search
2024-09-26 08:31:17.299 [info] Added views:timeline in workbench.view.explorer
2024-09-26 08:31:17.299 [info] Added views:workbench.explorer.emptyView in workbench.view.explorer
2024-09-26 08:31:18.021 [info] Added views:workbench.debug.welcome in workbench.view.debug
2024-09-26 08:31:18.093 [info] Added views:workbench.panel.repl.view in workbench.panel.repl
2024-09-26 08:31:18.265 [info] Added views:~remote.forwardedPorts in ~remote.forwardedPortsContainer
2024-09-26 08:32:50.205 [info] Added views:workbench.panel.markers.view in workbench.panel.markers
2024-09-26 08:32:50.205 [info] Added views:workbench.panel.output in workbench.panel.output
2024-09-26 08:32:50.205 [info] Added views:terminal in terminal
2024-09-26 08:32:50.205 [info] Added views:outline in workbench.view.explorer
2024-09-26 08:32:50.205 [info] Added views:workbench.scm in workbench.view.scm
2024-09-26 08:32:50.205 [info] Added views:workbench.view.search in workbench.view.search
2024-09-26 08:32:50.205 [info] Added views:timeline in workbench.view.explorer
2024-09-26 08:32:50.205 [info] Added views:workbench.explorer.fileView in workbench.view.explorer
2024-09-26 08:32:50.796 [info] Added views:workbench.debug.variablesView,workbench.debug.watchExpressionsView,workbench.debug.callStackView,workbench.debug.breakPointsView in workbench.view.debug
2024-09-26 08:32:50.822 [info] Added views:workbench.panel.repl.view in workbench.panel.repl
2024-09-26 08:32:50.823 [info] Removed views:workbench.debug.breakPointsView,workbench.debug.callStackView,workbench.debug.watchExpressionsView,workbench.debug.variablesView from workbench.view.debug
2024-09-26 08:32:50.823 [info] Added views:workbench.debug.welcome in workbench.view.debug
2024-09-26 08:32:51.032 [info] Added views:~remote.forwardedPorts in ~remote.forwardedPortsContainer
2024-09-26 08:32:53.674 [info] Added views:workbench.scm.history in workbench.view.scm
2024-09-26 08:50:58.870 [info] Removed views:workbench.scm.history from workbench.view.scm
